<?xml version="1.0" encoding="UTF-8"?>
<testsuite name="Nopcommerce"
           tests="4"
           failures="0"
           errors="0"
           skipped="0"
           time="28.416">
  <properties />
  
  
            <testcase name="verifyErrorMessageWithInvalidCredentials" time="2.162" classname="com.nopcommerceweek13.testsuite.LoginPageTest" />
                <testcase name="verifyUserShouldNavigateToLoginPage" time="0.505" classname="com.nopcommerceweek13.testsuite.LoginPageTest" />
                <testcase name="verifyThatUserShouldLogInSuccessFullyWithValidCredentials" time="1.778" classname="com.nopcommerceweek13.testsuite.LoginPageTest" />
                <testcase name="VerifyThatUserShouldLogOutSuccessFully" time="23.971" classname="com.nopcommerceweek13.testsuite.LoginPageTest" />
      
</testsuite>
