<?xml version="1.0" encoding="UTF-8"?>
<testsuite name="Nopcommerce"
           tests="3"
           failures="0"
           errors="0"
           skipped="0"
           time="5.498">
  <properties />
  
  
            <testcase name="verifyUserShouldNavigateToRegisterPageSuccessfully" time="0.524" classname="com.nopcommerceweek13.testsuite.RegisterPageTest" />
                <testcase name="verifyThatFirstNameLastNameEmailPasswordAndConfirmPasswordFieldsAreMandatory" time="1.248" classname="com.nopcommerceweek13.testsuite.RegisterPageTest" />
                <testcase name="verifyThatUserShouldCreateAccountSuccessfully" time="3.726" classname="com.nopcommerceweek13.testsuite.RegisterPageTest" />
      
</testsuite>
